GC Precious Log:
 CPUs: 2 total, 2 available
 Memory: 3918M
 Large Page Support: Disabled
 NUMA Support: Disabled
 Compressed Oops: Enabled (32-bit)
 Heap Region Size: 1M
 Heap Min Capacity: 8M
 Heap Initial Capacity: 62M
 Heap Max Capacity: 1G
 Pre-touch: Disabled
 Parallel Workers: 2
 Concurrent Workers: 1
 Concurrent Refinement Workers: 2
 Periodic GC: Disabled
Heap:
 garbage-first heap   total 63488K, used 37662K [0x00000000c0000000, 0x0000000100000000)
  region size 1024K, 19 young (19456K), 3 survivors (3072K)
 Metaspace       used 28224K, committed 28480K, reserved 1114112K
  class space    used 3529K, committed 3648K, reserved 1048576K
GC Heap History (16 events):
Event: 2.898 GC heap before
{Heap before GC invocations=0 (full 0):
 garbage-first heap   total 63488K, used 9216K [0x00000000c0000000, 0x0000000100000000)
  region size 1024K, 6 young (6144K), 0 survivors (0K)
 Metaspace       used 4317K, committed 4480K, reserved 1114112K
  class space    used 420K, committed 512K, reserved 1048576K
}
Event: 2.947 GC heap after
{Heap after GC invocations=1 (full 0):
 garbage-first heap   total 63488K, used 7970K [0x00000000c0000000, 0x0000000100000000)
  region size 1024K, 1 young (1024K), 1 survivors (1024K)
 Metaspace       used 4317K, committed 4480K, reserved 1114112K
  class space    used 420K, committed 512K, reserved 1048576K
}
Event: 3.276 GC heap before
{Heap before GC invocations=1 (full 0):
 garbage-first heap   total 63488K, used 10018K [0x00000000c0000000, 0x0000000100000000)
  region size 1024K, 4 young (4096K), 1 survivors (1024K)
 Metaspace       used 4318K, committed 4480K, reserved 1114112K
  class space    used 420K, committed 512K, reserved 1048576K
}
Event: 3.291 GC heap after
{Heap after GC invocations=2 (full 0):
 garbage-first heap   total 63488K, used 9649K [0x00000000c0000000, 0x0000000100000000)
  region size 1024K, 1 young (1024K), 1 survivors (1024K)
 Metaspace       used 4318K, committed 4480K, reserved 1114112K
  class space    used 420K, committed 512K, reserved 1048576K
}
Event: 4.809 GC heap before
{Heap before GC invocations=2 (full 0):
 garbage-first heap   total 63488K, used 16817K [0x00000000c0000000, 0x0000000100000000)
  region size 1024K, 7 young (7168K), 1 survivors (1024K)
 Metaspace       used 6556K, committed 6656K, reserved 1114112K
  class space    used 651K, committed 704K, reserved 1048576K
}
Event: 4.817 GC heap after
{Heap after GC invocations=3 (full 0):
 garbage-first heap   total 63488K, used 14958K [0x00000000c0000000, 0x0000000100000000)
  region size 1024K, 1 young (1024K), 1 survivors (1024K)
 Metaspace       used 6556K, committed 6656K, reserved 1114112K
  class space    used 651K, committed 704K, reserved 1048576K
}
Event: 7.322 GC heap before
{Heap before GC invocations=3 (full 0):
 garbage-first heap   total 63488K, used 25198K [0x00000000c0000000, 0x0000000100000000)
  region size 1024K, 11 young (11264K), 1 survivors (1024K)
 Metaspace       used 9224K, committed 9408K, reserved 1114112K
  class space    used 1085K, committed 1152K, reserved 1048576K
}
Event: 7.328 GC heap after
{Heap after GC invocations=4 (full 0):
 garbage-first heap   total 63488K, used 15588K [0x00000000c0000000, 0x0000000100000000)
  region size 1024K, 2 young (2048K), 2 survivors (2048K)
 Metaspace       used 9224K, committed 9408K, reserved 1114112K
  class space    used 1085K, committed 1152K, reserved 1048576K
}
Event: 11.297 GC heap before
{Heap before GC invocations=4 (full 0):
 garbage-first heap   total 63488K, used 39140K [0x00000000c0000000, 0x0000000100000000)
  region size 1024K, 25 young (25600K), 2 survivors (2048K)
 Metaspace       used 15620K, committed 15808K, reserved 1114112K
  class space    used 1943K, committed 2048K, reserved 1048576K
}
Event: 11.312 GC heap after
{Heap after GC invocations=5 (full 0):
 garbage-first heap   total 63488K, used 17734K [0x00000000c0000000, 0x0000000100000000)
  region size 1024K, 4 young (4096K), 4 survivors (4096K)
 Metaspace       used 15620K, committed 15808K, reserved 1114112K
  class space    used 1943K, committed 2048K, reserved 1048576K
}
Event: 17.440 GC heap before
{Heap before GC invocations=5 (full 0):
 garbage-first heap   total 63488K, used 41286K [0x00000000c0000000, 0x0000000100000000)
  region size 1024K, 28 young (28672K), 4 survivors (4096K)
 Metaspace       used 20756K, committed 20992K, reserved 1114112K
  class space    used 2563K, committed 2688K, reserved 1048576K
}
Event: 17.459 GC heap after
{Heap after GC invocations=6 (full 0):
 garbage-first heap   total 63488K, used 19855K [0x00000000c0000000, 0x0000000100000000)
  region size 1024K, 3 young (3072K), 3 survivors (3072K)
 Metaspace       used 20756K, committed 20992K, reserved 1114112K
  class space    used 2563K, committed 2688K, reserved 1048576K
}
Event: 17.760 GC heap before
{Heap before GC invocations=6 (full 0):
 garbage-first heap   total 63488K, used 21903K [0x00000000c0000000, 0x0000000100000000)
  region size 1024K, 6 young (6144K), 3 survivors (3072K)
 Metaspace       used 21289K, committed 21504K, reserved 1114112K
  class space    used 2608K, committed 2752K, reserved 1048576K
}
Event: 17.769 GC heap after
{Heap after GC invocations=7 (full 0):
 garbage-first heap   total 63488K, used 20514K [0x00000000c0000000, 0x0000000100000000)
  region size 1024K, 1 young (1024K), 1 survivors (1024K)
 Metaspace       used 21289K, committed 21504K, reserved 1114112K
  class space    used 2608K, committed 2752K, reserved 1048576K
}
Event: 34.929 GC heap before
{Heap before GC invocations=8 (full 0):
 garbage-first heap   total 63488K, used 45090K [0x00000000c0000000, 0x0000000100000000)
  region size 1024K, 25 young (25600K), 1 survivors (1024K)
 Metaspace       used 26569K, committed 26816K, reserved 1114112K
  class space    used 3315K, committed 3456K, reserved 1048576K
}
Event: 34.941 GC heap after
{Heap after GC invocations=9 (full 0):
 garbage-first heap   total 63488K, used 22302K [0x00000000c0000000, 0x0000000100000000)
  region size 1024K, 3 young (3072K), 3 survivors (3072K)
 Metaspace       used 26569K, committed 26816K, reserved 1114112K
  class space    used 3315K, committed 3456K, reserved 1048576K
}

