# JRE version: OpenJDK Runtime Environment Microsoft-8552009 (17.0.9+8) (build 17.0.9+8-LTS)
# Java VM: OpenJDK 64-Bit Server VM Microsoft-8552009 (17.0.9+8-LTS, mixed mode, emulated-client, sharing, tiered, compressed oops, compressed class ptrs, g1 gc, windows-amd64)
GC Precious Log:
 CPUs: 2 total, 2 available
 Memory: 3918M
 Large Page Support: Disabled
 NUMA Support: Disabled
 Compressed Oops: Enabled (32-bit)
 Heap Region Size: 1M
 Heap Min Capacity: 8M
 Heap Initial Capacity: 62M
 Heap Max Capacity: 980M
 Pre-touch: Disabled
 Parallel Workers: 2
 Concurrent Workers: 1
 Concurrent Refinement Workers: 2
 Periodic GC: Disabled
Heap:
 garbage-first heap   total 63488K, used 30511K [0x00000000c2c00000, 0x0000000100000000)
  region size 1024K, 25 young (25600K), 2 survivors (2048K)
 Metaspace       used 13697K, committed 13888K, reserved 1114112K
  class space    used 1799K, committed 1920K, reserved 1048576K
GC Heap History (8 events):
Event: 3.464 GC heap before
{Heap before GC invocations=0 (full 0):
 garbage-first heap   total 63488K, used 6144K [0x00000000c2c00000, 0x0000000100000000)
  region size 1024K, 6 young (6144K), 0 survivors (0K)
 Metaspace       used 305K, committed 512K, reserved 1114112K
  class space    used 19K, committed 128K, reserved 1048576K
}
Event: 3.478 GC heap after
{Heap after GC invocations=1 (full 0):
 garbage-first heap   total 63488K, used 5160K [0x00000000c2c00000, 0x0000000100000000)
  region size 1024K, 1 young (1024K), 1 survivors (1024K)
 Metaspace       used 305K, committed 512K, reserved 1114112K
  class space    used 19K, committed 128K, reserved 1048576K
}
Event: 4.720 GC heap before
{Heap before GC invocations=1 (full 0):
 garbage-first heap   total 63488K, used 7208K [0x00000000c2c00000, 0x0000000100000000)
  region size 1024K, 3 young (3072K), 1 survivors (1024K)
 Metaspace       used 2629K, committed 2816K, reserved 1114112K
  class space    used 309K, committed 384K, reserved 1048576K
}
Event: 4.726 GC heap after
{Heap after GC invocations=2 (full 0):
 garbage-first heap   total 63488K, used 5843K [0x00000000c2c00000, 0x0000000100000000)
  region size 1024K, 1 young (1024K), 1 survivors (1024K)
 Metaspace       used 2629K, committed 2816K, reserved 1114112K
  class space    used 309K, committed 384K, reserved 1048576K
}
Event: 12.309 GC heap before
{Heap before GC invocations=2 (full 0):
 garbage-first heap   total 63488K, used 13011K [0x00000000c2c00000, 0x0000000100000000)
  region size 1024K, 8 young (8192K), 1 survivors (1024K)
 Metaspace       used 6088K, committed 6272K, reserved 1114112K
  class space    used 752K, committed 832K, reserved 1048576K
}
Event: 12.316 GC heap after
{Heap after GC invocations=3 (full 0):
 garbage-first heap   total 63488K, used 7060K [0x00000000c2c00000, 0x0000000100000000)
  region size 1024K, 1 young (1024K), 1 survivors (1024K)
 Metaspace       used 6088K, committed 6272K, reserved 1114112K
  class space    used 752K, committed 832K, reserved 1048576K
}
Event: 13.570 GC heap before
{Heap before GC invocations=3 (full 0):
 garbage-first heap   total 63488K, used 19348K [0x00000000c2c00000, 0x0000000100000000)
  region size 1024K, 13 young (13312K), 1 survivors (1024K)
 Metaspace       used 8829K, committed 9088K, reserved 1114112K
  class space    used 1172K, committed 1280K, reserved 1048576K
}
Event: 13.577 GC heap after
{Heap after GC invocations=4 (full 0):
 garbage-first heap   total 63488K, used 7983K [0x00000000c2c00000, 0x0000000100000000)
  region size 1024K, 2 young (2048K), 2 survivors (2048K)
 Metaspace       used 8829K, committed 9088K, reserved 1114112K
  class space    used 1172K, committed 1280K, reserved 1048576K
}

